<?xml version="1.0" encoding="UTF-8"?>
<!-- Generated by org.testng.reporters.JUnitXMLReporter -->
<testsuite ignored="0" hostname="DESKTOP-QRB56CU" failures="0" tests="3" name="Default test" time="15.039" errors="0" timestamp="2026-01-30T20:05:23 EST">
  <testcase classname="testsScripts.SignInTest" name="loginInChrome" time="5.326"/>
  <testcase classname="testsScripts.SignInTest" name="loginInEdge" time="3.761"/>
  <testcase classname="testsScripts.SignInTest" name="loginInFirefox" time="5.902"/>
</testsuite> <!-- Default test -->
