<?xml version="1.0" encoding="UTF-8"?>
<!-- Generated by org.testng.reporters.JUnitXMLReporter -->
<testsuite ignored="0" hostname="DESKTOP-QRB56CU" failures="0" tests="3" name="Test" time="9.061" errors="0" timestamp="2026-01-30T20:08:41 EST">
  <testcase classname="testsScripts.SignInTest" name="loginInChrome" time="5.891"/>
  <testcase classname="testsScripts.SignInTest" name="loginInEdge" time="6.356"/>
  <testcase classname="testsScripts.SignInTest" name="loginInFirefox" time="9.021"/>
</testsuite> <!-- Test -->
