<?xml version="1.0" encoding="UTF-8"?>
<testng-results ignored="0" total="3" passed="3" failed="0" skipped="0">
  <reporter-output>
  </reporter-output>
  <suite started-at="2026-01-30T20:09:11 EST" name="Suite" finished-at="2026-01-30T20:09:24 EST" duration-ms="13711">
    <groups>
    </groups>
    <test started-at="2026-01-30T20:09:11 EST" name="Test" finished-at="2026-01-30T20:09:24 EST" duration-ms="13711">
      <class name="testsScripts.SignInTest">
        <test-method signature="loginInChrome()[pri:0, instance:testsScripts.SignInTest@f5ac9e4]" started-at="2026-01-30T20:09:11 EST" name="loginInChrome" finished-at="2026-01-30T20:09:15 EST" duration-ms="4560" status="PASS">
          <reporter-output>
          </reporter-output>
        </test-method> <!-- loginInChrome -->
        <test-method signature="loginInEdge()[pri:0, instance:testsScripts.SignInTest@f5ac9e4]" started-at="2026-01-30T20:09:15 EST" name="loginInEdge" finished-at="2026-01-30T20:09:19 EST" duration-ms="3386" status="PASS">
          <reporter-output>
          </reporter-output>
        </test-method> <!-- loginInEdge -->
        <test-method signature="loginInFirefox()[pri:0, instance:testsScripts.SignInTest@f5ac9e4]" started-at="2026-01-30T20:09:19 EST" name="loginInFirefox" finished-at="2026-01-30T20:09:24 EST" duration-ms="5709" status="PASS">
          <reporter-output>
          </reporter-output>
        </test-method> <!-- loginInFirefox -->
      </class> <!-- testsScripts.SignInTest -->
    </test> <!-- Test -->
  </suite> <!-- Suite -->
</testng-results>
