<?xml version="1.0" encoding="UTF-8"?>
<!-- Generated by org.testng.reporters.JUnitReportReporter -->
<testsuite hostname="DESKTOP-QRB56CU" failures="0" tests="3" name="testsScripts.SignInTestLocal" time="14.938" errors="0" timestamp="2026-02-07T00:08:02 EST" skipped="0">
  <testcase classname="testsScripts.SignInTestLocal" name="loginInFirefox" time="7.123"/>
  <testcase classname="testsScripts.SignInTestLocal" name="loginInChrome" time="3.759"/>
  <testcase classname="testsScripts.SignInTestLocal" name="loginEdge" time="4.056"/>
</testsuite> <!-- testsScripts.SignInTestLocal -->
