<?xml version="1.0" encoding="UTF-8"?>
<!-- Generated by org.testng.reporters.JUnitReportReporter -->
<testsuite hostname="DESKTOP-QRB56CU" failures="0" tests="3" name="testsScripts.SignInTest" time="21.268" errors="0" timestamp="2026-01-30T20:08:41 EST" skipped="0">
  <testcase classname="testsScripts.SignInTest" name="loginInChrome" time="5.891"/>
  <system-out/>
  <testcase classname="testsScripts.SignInTest" name="loginInEdge" time="6.356"/>
  <system-out/>
  <testcase classname="testsScripts.SignInTest" name="loginInFirefox" time="9.021"/>
  <system-out/>
</testsuite> <!-- testsScripts.SignInTest -->
