<?xml version="1.0" encoding="UTF-8"?>
<!-- Generated by org.testng.reporters.JUnitReportReporter -->
<testsuite hostname="DESKTOP-QRB56CU" failures="0" tests="3" name="testsScripts.SignInTest" time="13.655" errors="0" timestamp="2026-01-30T20:09:24 EST" skipped="0">
  <testcase classname="testsScripts.SignInTest" name="loginInFirefox" time="5.709"/>
  <testcase classname="testsScripts.SignInTest" name="loginInEdge" time="3.386"/>
  <testcase classname="testsScripts.SignInTest" name="loginInChrome" time="4.560"/>
</testsuite> <!-- testsScripts.SignInTest -->
